<?xml version="1.0" encoding="UTF-8"?>
<!-- Generated by org.testng.reporters.JUnitXMLReporter -->
<testsuite hostname="Taslim" ignored="0" name="Amazon Home" tests="3" failures="0" timestamp="2021-04-05T11:12:36 EDT" time="74.549" errors="0">
  <testcase name="checkTitle" time="0.049" classname="landingpage.HomePage"/>
  <testcase name="search" time="43.812" classname="landingpage.SearchPage"/>
  <testcase name="dropDownMenu" time="2.205" classname="landingpage.DropDownMenu1"/>
</testsuite> <!-- Amazon Home -->
